<?xml version="1.0" encoding="UTF-8"?>
<testng-results ignored="0" total="1" passed="1" failed="0" skipped="0">
  <reporter-output>
  </reporter-output>
  <suite started-at="2024-03-05T15:34:08 IST" name="Default suite" finished-at="2024-03-05T15:34:43 IST" duration-ms="35706">
    <groups>
    </groups>
    <test started-at="2024-03-05T15:34:08 IST" name="Default test" finished-at="2024-03-05T15:34:43 IST" duration-ms="35706">
      <class name="TestNG.TestNG.AssertDemo">
        <test-method signature="TestMethod()[pri:0, instance:TestNG.TestNG.AssertDemo@3911c2a7]" started-at="2024-03-05T15:34:08 IST" name="TestMethod" finished-at="2024-03-05T15:34:43 IST" duration-ms="35673" status="PASS">
          <reporter-output>
          </reporter-output>
        </test-method> <!-- TestMethod -->
      </class> <!-- TestNG.TestNG.AssertDemo -->
    </test> <!-- Default test -->
  </suite> <!-- Default suite -->
</testng-results>
