<?xml version="1.0" encoding="UTF-8"?>
<!-- Generated by org.testng.reporters.JUnitXMLReporter -->
<testsuite ignored="0" hostname="LAPTOP-AJK53DAC" failures="0" tests="4" name="CurrentAccount" time="0.074" errors="0" timestamp="2024-02-09T15:44:40 IST">
  <testcase classname="TestNG.TestNG.CurrentAcTestClass2" name="Test1" time="0.008"/>
  <testcase classname="TestNG.TestNG.CurrentAcTestClass2" name="Test2" time="0.001"/>
  <testcase classname="TestNG.TestNG.CurrentAcTestClass1" name="Test1" time="0.003"/>
  <testcase classname="TestNG.TestNG.CurrentAcTestClass1" name="Test2" time="0.004"/>
</testsuite> <!-- CurrentAccount -->
