<?xml version="1.0" encoding="UTF-8"?>
<!-- Generated by org.testng.reporters.JUnitXMLReporter -->
<testsuite ignored="4" hostname="LAPTOP-AJK53DAC" failures="0" tests="2" name="Test" time="0.07" errors="0" timestamp="2024-02-09T16:19:31 IST">
  <testcase classname="TestNG.TestNG.LoanDepartment" name="MobileLoginAutomobileLoan" time="0.009"/>
  <testcase classname="TestNG.TestNG.LoanDepartment" name="MobileLoginPersonalLoan" time="0.003"/>
  <testcase classname="TestNG.TestNG.LoanDepartment" name="WebLoginAutomobileLoan" time="0.0">
    <ignored/>
  </testcase> <!-- WebLoginAutomobileLoan -->
  <testcase classname="TestNG.TestNG.LoanDepartment" name="APILoginPersonalLoan" time="0.0">
    <ignored/>
  </testcase> <!-- APILoginPersonalLoan -->
  <testcase classname="TestNG.TestNG.LoanDepartment" name="APILoginAutomobileLoan" time="0.0">
    <ignored/>
  </testcase> <!-- APILoginAutomobileLoan -->
  <testcase classname="TestNG.TestNG.LoanDepartment" name="WebLoginPersonalLoan" time="0.0">
    <ignored/>
  </testcase> <!-- WebLoginPersonalLoan -->
</testsuite> <!-- Test -->
