<?xml version="1.0" encoding="UTF-8"?>
<!-- Generated by org.testng.reporters.JUnitXMLReporter -->
<testsuite ignored="0" hostname="LAPTOP-AJK53DAC" failures="2" tests="5" name="Test" time="1.285" errors="0" timestamp="2024-03-05T12:17:50 IST">
  <testcase classname="ExtentReportsDemo.TestCaseExample" name="TestMehtod1" time="0.009"/>
  <testcase classname="ExtentReportsDemo.TestCaseExample" name="TestMehtod2" time="0.003">
    <failure type="java.lang.AssertionError" message="expected [true] but found [false]">
      <![CDATA[java.lang.AssertionError: expected [true] but found [false]
at ExtentReportsDemo.TestCaseExample.TestMehtod2(TestCaseExample.java:18)
at java.base/java.util.ArrayList.forEach(ArrayList.java:1511)
... Removed 31 stack frames]]>
    </failure>
  </testcase> <!-- TestMehtod2 -->
  <testcase classname="ExtentReportsDemo.TestCaseExample" name="TestMehtod3" time="0.002">
    <failure type="java.lang.AssertionError" message="expected [true] but found [false]">
      <![CDATA[java.lang.AssertionError: expected [true] but found [false]
at ExtentReportsDemo.TestCaseExample.TestMehtod3(TestCaseExample.java:24)
at java.base/java.util.ArrayList.forEach(ArrayList.java:1511)
... Removed 31 stack frames]]>
    </failure>
  </testcase> <!-- TestMehtod3 -->
  <testcase classname="ExtentReportsDemo.TestCaseExample" name="TestMehtod4" time="0.001"/>
  <testcase classname="ExtentReportsDemo.TestCaseExample" name="TestMehtod5" time="0.002">
    <skipped/>
  </testcase> <!-- TestMehtod5 -->
</testsuite> <!-- Test -->
