<?xml version="1.0" encoding="UTF-8"?>
<!-- Generated by org.testng.reporters.JUnitXMLReporter -->
<testsuite ignored="0" hostname="LAPTOP-AJK53DAC" failures="0" tests="5" name="Functional Testing" time="0.071" errors="0" timestamp="2024-02-16T16:48:55 IST">
  <testcase classname="BatchTesting.PaymentTest" name="CashOnDelivery" time="0.002"/>
  <testcase classname="BatchTesting.PaymentTest" name="NetBanking" time="0.019"/>
  <testcase classname="BatchTesting.ProductPageTest" name="AddProductToWishList" time="0.002"/>
  <testcase classname="BatchTesting.ProductPageTest" name="AddProductTocart" time="0.001"/>
  <testcase classname="BatchTesting.ProductPageTest" name="SelectQauntity" time="0.002"/>
</testsuite> <!-- Functional Testing -->
